#
# There is insufficient memory for the Java Runtime Environment to continue.
# Native memory allocation (mmap) failed to map 27262976 bytes for Failed to commit area from 0x0000000088000000 to 0x0000000089a00000 of length 27262976.
# Possible reasons:
#   The system is out of physical RAM or swap space
#   The process is running with CompressedOops enabled, and the Java Heap may be blocking the growth of the native heap
# Possible solutions:
#   Reduce memory load on the system
#   Increase physical memory or swap space
#   Check if swap backing store is full
#   Decrease Java heap size (-Xmx/-Xms)
#   Decrease number of Java threads
#   Decrease Java thread stack sizes (-Xss)
#   Set larger code cache with -XX:ReservedCodeCacheSize=
#   JVM is running with Unscaled Compressed Oops mode in which the Java heap is
#     placed in the first 4GB address space. The Java Heap base address is the
#     maximum limit for the native heap growth. Please use -XX:HeapBaseMinAddress
#     to set the Java Heap base and to place the Java Heap above 4GB virtual address.
# This output file may be truncated or incomplete.
#
#  Out of Memory Error (./src/hotspot/os/windows/os_windows.cpp:3303), pid=17640, tid=5608
#
# JRE version: OpenJDK Runtime Environment (11.0.7+10) (build 11.0.7+10-b765.65)
# Java VM: OpenJDK 64-Bit Server VM (11.0.7+10-b765.65, mixed mode, tiered, compressed oops, g1 gc, windows-amd64)
# No core dump will be written. Minidumps are not enabled by default on client versions of Windows
#

---------------  S U M M A R Y ------------

Command Line: --add-opens=java.base/java.util=ALL-UNNAMED --add-opens=java.base/java.lang=ALL-UNNAMED --add-opens=java.base/java.lang.invoke=ALL-UNNAMED --add-opens=java.prefs/java.util.prefs=ALL-UNNAMED -Xmx2048m -Dfile.encoding=windows-1252 -Duser.country=FR -Duser.language=fr -Duser.variant org.gradle.launcher.daemon.bootstrap.GradleDaemon 6.1.1

Host: Intel(R) Core(TM) i7-4785T CPU @ 2.20GHz, 8 cores, 7G,  Windows 10 , 64 bit Build 18362 (10.0.18362.959)
Time: Sun Jul 26 23:13:06 2020 Paris, Madrid (heure d?été) elapsed time: 4 seconds (0d 0h 0m 4s)

---------------  T H R E A D  ---------------

Current thread (0x000001467cf21000):  VMThread "VM Thread" [stack: 0x0000000f91700000,0x0000000f91800000] [id=5608]

Stack: [0x0000000f91700000,0x0000000f91800000]
[error occurred during error reporting (printing stack bounds), id 0xc0000005, EXCEPTION_ACCESS_VIOLATION (0xc0000005) at pc=0x0000014600000dad]

Native frames: (J=compiled Java code, j=interpreted, Vv=VM code, C=native code)
V  [jvm.dll+0x5ddcca]
V  [jvm.dll+0x7115d5]
V  [jvm.dll+0x712b2d]
V  [jvm.dll+0x713145]
V  [jvm.dll+0x7130fb]
V  [jvm.dll+0x5dd128]
V  [jvm.dll+0x5dd8b8]
C  [ntdll.dll+0xa11cf]
C  [ntdll.dll+0x6a209]
C  [ntdll.dll+0x9fe3e]
C  0x0000014600000dad

VM_Operation (0x0000000f92af78e0): G1CollectForAllocation, mode: safepoint, requested by thread 0x000001467f3bc000


---------------  P R O C E S S  ---------------

Threads class SMR info:
_java_thread_list=0x000001460f6dee30, length=30, elements={
0x000001466f51c800, 0x000001467cf24000, 0x000001467cf25000, 0x000001467d8d5000,
0x000001467d8d6000, 0x000001467d8da000, 0x000001467d8df000, 0x000001467d8e0000,
0x000001467da53800, 0x000001467da56800, 0x000001467f45d000, 0x000001467de69800,
0x000001467ecbd000, 0x000001460f115000, 0x000001460f11d000, 0x000001460f3f0800,
0x000001467f3bc000, 0x000001467f36c800, 0x000001467eeb4800, 0x000001467f369000,
0x000001460f0f5800, 0x000001460f0f3000, 0x000001460f0f2800, 0x000001460f777000,
0x000001460f64e000, 0x000001460f0f4000, 0x000001460f0f1800, 0x000001460f0f5000,
0x000001460f0f6800, 0x000001460f0f1000
}

Java Threads: ( => current thread )
  0x000001466f51c800 JavaThread "main" [_thread_blocked, id=20380, stack(0x0000000f91100000,0x0000000f91200000)]
  0x000001467cf24000 JavaThread "Reference Handler" daemon [_thread_blocked, id=17896, stack(0x0000000f91800000,0x0000000f91900000)]
  0x000001467cf25000 JavaThread "Finalizer" daemon [_thread_blocked, id=12976, stack(0x0000000f91900000,0x0000000f91a00000)]
  0x000001467d8d5000 JavaThread "Signal Dispatcher" daemon [_thread_blocked, id=8348, stack(0x0000000f91a00000,0x0000000f91b00000)]
  0x000001467d8d6000 JavaThread "Attach Listener" daemon [_thread_blocked, id=20120, stack(0x0000000f91b00000,0x0000000f91c00000)]
  0x000001467d8da000 JavaThread "C2 CompilerThread0" daemon [_thread_blocked, id=6956, stack(0x0000000f91c00000,0x0000000f91d00000)]
  0x000001467d8df000 JavaThread "C1 CompilerThread0" daemon [_thread_blocked, id=8796, stack(0x0000000f91d00000,0x0000000f91e00000)]
  0x000001467d8e0000 JavaThread "Sweeper thread" daemon [_thread_blocked, id=6900, stack(0x0000000f91e00000,0x0000000f91f00000)]
  0x000001467da53800 JavaThread "Common-Cleaner" daemon [_thread_blocked, id=5480, stack(0x0000000f91f00000,0x0000000f92000000)]
  0x000001467da56800 JavaThread "Service Thread" daemon [_thread_blocked, id=8832, stack(0x0000000f92000000,0x0000000f92100000)]
  0x000001467f45d000 JavaThread "Daemon health stats" [_thread_blocked, id=6264, stack(0x0000000f92600000,0x0000000f92700000)]
  0x000001467de69800 JavaThread "Incoming local TCP Connector on port 51382" [_thread_in_native, id=1384, stack(0x0000000f92200000,0x0000000f92300000)]
  0x000001467ecbd000 JavaThread "Daemon periodic checks" [_thread_blocked, id=9772, stack(0x0000000f92500000,0x0000000f92600000)]
  0x000001460f115000 JavaThread "Daemon" [_thread_blocked, id=5688, stack(0x0000000f92700000,0x0000000f92800000)]
  0x000001460f11d000 JavaThread "Handler for socket connection from /127.0.0.1:51382 to /127.0.0.1:51383" [_thread_in_native, id=12500, stack(0x0000000f92800000,0x0000000f92900000)]
  0x000001460f3f0800 JavaThread "Cancel handler" [_thread_blocked, id=20268, stack(0x0000000f92900000,0x0000000f92a00000)]
  0x000001467f3bc000 JavaThread "Daemon worker" [_thread_blocked, id=16032, stack(0x0000000f92a00000,0x0000000f92b00000)]
  0x000001467f36c800 JavaThread "Asynchronous log dispatcher for DefaultDaemonConnection: socket connection from /127.0.0.1:51382 to /127.0.0.1:51383" [_thread_blocked, id=14792, stack(0x0000000f92b00000,0x0000000f92c00000)]
  0x000001467eeb4800 JavaThread "Stdin handler" [_thread_blocked, id=21204, stack(0x0000000f92c00000,0x0000000f92d00000)]
  0x000001467f369000 JavaThread "Thread-8" [_thread_blocked, id=14028, stack(0x0000000f92d00000,0x0000000f92e00000)]
  0x000001460f0f5800 JavaThread "Cache worker for journal cache (C:\Users\Ahmedine\.gradle\caches\journal-1)" [_thread_blocked, id=11296, stack(0x0000000f92e00000,0x0000000f92f00000)]
  0x000001460f0f3000 JavaThread "File lock request listener" [_thread_in_native, id=21036, stack(0x0000000f92f00000,0x0000000f93000000)]
  0x000001460f0f2800 JavaThread "Cache worker for file hash cache (C:\Users\Ahmedine\.gradle\caches\6.1.1\fileHashes)" [_thread_blocked, id=16892, stack(0x0000000f93500000,0x0000000f93600000)]
  0x000001460f777000 JavaThread "C2 CompilerThread1" daemon [_thread_blocked, id=5936, stack(0x0000000f93700000,0x0000000f93800000)]
  0x000001460f64e000 JavaThread "C2 CompilerThread2" daemon [_thread_in_native, id=10904, stack(0x0000000f93800000,0x0000000f93900000)]
  0x000001460f0f4000 JavaThread "Cache worker for checksums cache (C:\Users\Ahmedine\Desktop\MyMoviesApplication\.gradle\checksums)" [_thread_blocked, id=20108, stack(0x0000000f93900000,0x0000000f93a00000)]
  0x000001460f0f1800 JavaThread "Cache worker for file hash cache (C:\Users\Ahmedine\Desktop\MyMoviesApplication\.gradle\6.1.1\fileHashes)" [_thread_blocked, id=4372, stack(0x0000000f93a00000,0x0000000f93b00000)]
  0x000001460f0f5000 JavaThread "Cache worker for cache directory md-supplier (C:\Users\Ahmedine\.gradle\caches\6.1.1\md-supplier)" [_thread_blocked, id=5508, stack(0x0000000f93b00000,0x0000000f93c00000)]
  0x000001460f0f6800 JavaThread "Cache worker for cache directory md-rule (C:\Users\Ahmedine\.gradle\caches\6.1.1\md-rule)" [_thread_blocked, id=17960, stack(0x0000000f93c00000,0x0000000f93d00000)]
  0x000001460f0f1000 JavaThread "Cache worker for execution history cache (C:\Users\Ahmedine\.gradle\caches\6.1.1\executionHistory)" [_thread_blocked, id=18904, stack(0x0000000f93d00000,0x0000000f93e00000)]

Other Threads:
=>0x000001467cf21000 VMThread "VM Thread" [stack: 0x0000000f91700000,0x0000000f91800000] [id=5608]
  0x000001467da57800 WatcherThread [stack: 0x0000000f92100000,0x0000000f92200000] [id=11468]
  0x000001466f536800 GCTaskThread "GC Thread#0" [stack: 0x0000000f91200000,0x0000000f91300000] [id=3792]
  0x000001467e6d2800 GCTaskThread "GC Thread#1" [stack: 0x0000000f92300000,0x0000000f92400000] [id=14024]
  0x000001467e4a0000 GCTaskThread "GC Thread#2" [stack: 0x0000000f92400000,0x0000000f92500000] [id=14032]
  0x000001467eead000 GCTaskThread "GC Thread#3" [stack: 0x0000000f93000000,0x0000000f93100000] [id=11704]
  0x000001467f1c5800 GCTaskThread "GC Thread#4" [stack: 0x0000000f93100000,0x0000000f93200000] [id=20696]
  0x000001460f041000 GCTaskThread "GC Thread#5" [stack: 0x0000000f93200000,0x0000000f93300000] [id=19604]
  0x000001467f1b2800 GCTaskThread "GC Thread#6" [stack: 0x0000000f93300000,0x0000000f93400000] [id=12048]
  0x000001460f156800 GCTaskThread "GC Thread#7" [stack: 0x0000000f93400000,0x0000000f93500000] [id=14332]
  0x000001466f566800 ConcurrentGCThread "G1 Main Marker" [stack: 0x0000000f91300000,0x0000000f91400000] [id=14972]
  0x000001466f569000 ConcurrentGCThread "G1 Conc#0" [stack: 0x0000000f91400000,0x0000000f91500000] [id=14580]
  0x000001460f1f5800 ConcurrentGCThread "G1 Conc#1" [stack: 0x0000000f93600000,0x0000000f93700000] [id=10960]
  0x000001467cd72800 ConcurrentGCThread "G1 Refine#0" [stack: 0x0000000f91500000,0x0000000f91600000] [id=16516]
  0x000001466f5ea800 ConcurrentGCThread "G1 Young RemSet Sampling" [stack: 0x0000000f91600000,0x0000000f91700000] [id=5596]

Threads with active compile tasks:
C2 CompilerThread0   4638 2860       4       org.codehaus.groovy.runtime.metaclass.MetaMethodIndex::addMethodToList (298 bytes)
C2 CompilerThread1   4638 2979       4       org.codehaus.groovy.reflection.CachedMethod::compareToCachedMethod (160 bytes)
C2 CompilerThread2   4638 2980       4       groovy.lang.MetaClassImpl$1MOPIter::methodNameAction (325 bytes)

VM state:at safepoint (normal execution)

VM Mutex/Monitor currently owned by a thread:  ([mutex/lock_event])
[0x000001466f518ba0] Threads_lock - owner thread: 0x000001467cf21000
[0x000001466f519650] Heap_lock - owner thread: 0x000001467f3bc000

Heap address: 0x0000000080000000, size: 2048 MB, Compressed Oops mode: 32-bit
Narrow klass base: 0x0000000000000000, Narrow klass shift: 3
Compressed class space size: 1073741824 Address: 0x0000000100000000

Heap:
 garbage-first heap   total 157696K, used 23507K [0x0000000080000000, 0x0000000100000000)
  region size 1024K, 6 young (6144K), 6 survivors (6144K)
 Metaspace       used 39914K, capacity 40708K, committed 40912K, reserved 1085440K
  class space    used 5112K, capacity 5385K, committed 5452K, reserved 1048576K
Heap Regions: E=young(eden), S=young(survivor), O=old, HS=humongous(starts), HC=humongous(continues), CS=collection set, F=free, A=archive, TAMS=top-at-mark-start (previous, next)
|   0|0x0000000080000000, 0x0000000080100000, 0x0000000080100000|100%| O|  |TAMS 0x0000000080100000, 0x0000000080000000| Untracked 
|   1|0x0000000080100000, 0x0000000080200000, 0x0000000080200000|100%| O|  |TAMS 0x0000000080200000, 0x0000000080100000| Untracked 
|   2|0x0000000080200000, 0x0000000080300000, 0x0000000080300000|100%| O|  |TAMS 0x0000000080300000, 0x0000000080200000| Untracked 
|   3|0x0000000080300000, 0x0000000080400000, 0x0000000080400000|100%|HS|  |TAMS 0x0000000080400000, 0x0000000080300000| Complete 
|   4|0x0000000080400000, 0x0000000080500000, 0x0000000080500000|100%|HC|  |TAMS 0x0000000080500000, 0x0000000080400000| Complete 
|   5|0x0000000080500000, 0x0000000080600000, 0x0000000080600000|100%|HC|  |TAMS 0x0000000080600000, 0x0000000080500000| Complete 
|   6|0x0000000080600000, 0x0000000080700000, 0x0000000080700000|100%| O|  |TAMS 0x0000000080700000, 0x0000000080600000| Untracked 
|   7|0x0000000080700000, 0x0000000080800000, 0x0000000080800000|100%| O|  |TAMS 0x0000000080800000, 0x0000000080700000| Untracked 
|   8|0x0000000080800000, 0x0000000080900000, 0x0000000080900000|100%| O|  |TAMS 0x0000000080900000, 0x0000000080800000| Untracked 
|   9|0x0000000080900000, 0x0000000080a00000, 0x0000000080a00000|100%| O|  |TAMS 0x0000000080a00000, 0x0000000080900000| Untracked 
|  10|0x0000000080a00000, 0x0000000080b00000, 0x0000000080b00000|100%| O|  |TAMS 0x0000000080b00000, 0x0000000080a00000| Untracked 
|  11|0x0000000080b00000, 0x0000000080c00000, 0x0000000080c00000|100%| O|  |TAMS 0x0000000080c00000, 0x0000000080b00000| Untracked 
|  12|0x0000000080c00000, 0x0000000080d00000, 0x0000000080d00000|100%| O|  |TAMS 0x0000000080d00000, 0x0000000080c00000| Untracked 
|  13|0x0000000080d00000, 0x0000000080e00000, 0x0000000080e00000|100%| O|  |TAMS 0x0000000080e00000, 0x0000000080d00000| Untracked 
|  14|0x0000000080e00000, 0x0000000080f00000, 0x0000000080f00000|100%| O|  |TAMS 0x0000000080ef3e00, 0x0000000080e00000| Untracked 
|  15|0x0000000080f00000, 0x0000000081000000, 0x0000000081000000|100%| O|  |TAMS 0x0000000080f00000, 0x0000000080f00000| Untracked 
|  16|0x0000000081000000, 0x0000000081100000, 0x0000000081100000|100%| O|  |TAMS 0x0000000081000000, 0x0000000081000000| Untracked 
|  17|0x0000000081100000, 0x000000008114b800, 0x0000000081200000| 29%| O|  |TAMS 0x0000000081100000, 0x0000000081100000| Untracked 
|  18|0x0000000081200000, 0x0000000081200000, 0x0000000081300000|  0%| F|  |TAMS 0x0000000081200000, 0x0000000081200000| Untracked 
|  19|0x0000000081300000, 0x0000000081300000, 0x0000000081400000|  0%| F|  |TAMS 0x0000000081300000, 0x0000000081300000| Untracked 
|  20|0x0000000081400000, 0x0000000081400000, 0x0000000081500000|  0%| F|  |TAMS 0x0000000081400000, 0x0000000081400000| Untracked 
|  21|0x0000000081500000, 0x0000000081500000, 0x0000000081600000|  0%| F|  |TAMS 0x0000000081500000, 0x0000000081500000| Untracked 
|  22|0x0000000081600000, 0x0000000081600000, 0x0000000081700000|  0%| F|  |TAMS 0x0000000081600000, 0x0000000081600000| Untracked 
|  23|0x0000000081700000, 0x0000000081700000, 0x0000000081800000|  0%| F|  |TAMS 0x0000000081700000, 0x0000000081700000| Untracked 
|  24|0x0000000081800000, 0x0000000081800000, 0x0000000081900000|  0%| F|  |TAMS 0x0000000081800000, 0x0000000081800000| Untracked 
|  25|0x0000000081900000, 0x0000000081900000, 0x0000000081a00000|  0%| F|  |TAMS 0x0000000081900000, 0x0000000081900000| Untracked 
|  26|0x0000000081a00000, 0x0000000081a00000, 0x0000000081b00000|  0%| F|  |TAMS 0x0000000081a00000, 0x0000000081a00000| Untracked 
|  27|0x0000000081b00000, 0x0000000081b00000, 0x0000000081c00000|  0%| F|  |TAMS 0x0000000081b00000, 0x0000000081b00000| Untracked 
|  28|0x0000000081c00000, 0x0000000081c00000, 0x0000000081d00000|  0%| F|  |TAMS 0x0000000081c00000, 0x0000000081c00000| Untracked 
|  29|0x0000000081d00000, 0x0000000081d00000, 0x0000000081e00000|  0%| F|  |TAMS 0x0000000081d00000, 0x0000000081d00000| Untracked 
|  30|0x0000000081e00000, 0x0000000081e00000, 0x0000000081f00000|  0%| F|  |TAMS 0x0000000081e00000, 0x0000000081e00000| Untracked 
|  31|0x0000000081f00000, 0x0000000081f00000, 0x0000000082000000|  0%| F|  |TAMS 0x0000000081f00000, 0x0000000081f00000| Untracked 
|  32|0x0000000082000000, 0x0000000082000000, 0x0000000082100000|  0%| F|  |TAMS 0x0000000082000000, 0x0000000082000000| Untracked 
|  33|0x0000000082100000, 0x0000000082100000, 0x0000000082200000|  0%| F|  |TAMS 0x0000000082100000, 0x0000000082100000| Untracked 
|  34|0x0000000082200000, 0x0000000082200000, 0x0000000082300000|  0%| F|  |TAMS 0x0000000082200000, 0x0000000082200000| Untracked 
|  35|0x0000000082300000, 0x0000000082300000, 0x0000000082400000|  0%| F|  |TAMS 0x0000000082300000, 0x0000000082300000| Untracked 
|  36|0x0000000082400000, 0x0000000082400000, 0x0000000082500000|  0%| F|  |TAMS 0x0000000082400000, 0x0000000082400000| Untracked 
|  37|0x0000000082500000, 0x0000000082500000, 0x0000000082600000|  0%| F|  |TAMS 0x0000000082500000, 0x0000000082500000| Untracked 
|  38|0x0000000082600000, 0x0000000082600000, 0x0000000082700000|  0%| F|  |TAMS 0x0000000082600000, 0x0000000082600000| Untracked 
|  39|0x0000000082700000, 0x0000000082700000, 0x0000000082800000|  0%| F|  |TAMS 0x0000000082700000, 0x0000000082700000| Untracked 
|  40|0x0000000082800000, 0x0000000082800000, 0x0000000082900000|  0%| F|  |TAMS 0x0000000082800000, 0x0000000082800000| Untracked 
|  41|0x0000000082900000, 0x0000000082900000, 0x0000000082a00000|  0%| F|  |TAMS 0x0000000082900000, 0x0000000082900000| Untracked 
|  42|0x0000000082a00000, 0x0000000082a00000, 0x0000000082b00000|  0%| F|  |TAMS 0x0000000082a00000, 0x0000000082a00000| Untracked 
|  43|0x0000000082b00000, 0x0000000082b00000, 0x0000000082c00000|  0%| F|  |TAMS 0x0000000082b00000, 0x0000000082b00000| Untracked 
|  44|0x0000000082c00000, 0x0000000082c00000, 0x0000000082d00000|  0%| F|  |TAMS 0x0000000082c00000, 0x0000000082c00000| Untracked 
|  45|0x0000000082d00000, 0x0000000082d00000, 0x0000000082e00000|  0%| F|  |TAMS 0x0000000082d00000, 0x0000000082d00000| Untracked 
|  46|0x0000000082e00000, 0x0000000082e00000, 0x0000000082f00000|  0%| F|  |TAMS 0x0000000082e00000, 0x0000000082e00000| Untracked 
|  47|0x0000000082f00000, 0x0000000082f00000, 0x0000000083000000|  0%| F|  |TAMS 0x0000000082f00000, 0x0000000082f00000| Untracked 
|  48|0x0000000083000000, 0x0000000083000000, 0x0000000083100000|  0%| F|  |TAMS 0x0000000083000000, 0x0000000083000000| Untracked 
|  49|0x0000000083100000, 0x0000000083100000, 0x0000000083200000|  0%| F|  |TAMS 0x0000000083100000, 0x0000000083100000| Untracked 
|  50|0x0000000083200000, 0x0000000083200000, 0x0000000083300000|  0%| F|  |TAMS 0x0000000083200000, 0x0000000083200000| Untracked 
|  51|0x0000000083300000, 0x0000000083300000, 0x0000000083400000|  0%| F|  |TAMS 0x0000000083300000, 0x0000000083300000| Untracked 
|  52|0x0000000083400000, 0x0000000083400000, 0x0000000083500000|  0%| F|  |TAMS 0x0000000083400000, 0x0000000083400000| Untracked 
|  53|0x0000000083500000, 0x0000000083500000, 0x0000000083600000|  0%| F|  |TAMS 0x0000000083500000, 0x0000000083500000| Untracked 
|  54|0x0000000083600000, 0x0000000083600000, 0x0000000083700000|  0%| F|  |TAMS 0x0000000083600000, 0x0000000083600000| Untracked 
|  55|0x0000000083700000, 0x0000000083700000, 0x0000000083800000|  0%| F|  |TAMS 0x0000000083700000, 0x0000000083700000| Untracked 
|  56|0x0000000083800000, 0x0000000083800000, 0x0000000083900000|  0%| F|  |TAMS 0x0000000083800000, 0x0000000083800000| Untracked 
|  57|0x0000000083900000, 0x0000000083900000, 0x0000000083a00000|  0%| F|  |TAMS 0x0000000083900000, 0x0000000083900000| Untracked 
|  58|0x0000000083a00000, 0x0000000083a00000, 0x0000000083b00000|  0%| F|  |TAMS 0x0000000083a00000, 0x0000000083a00000| Untracked 
|  59|0x0000000083b00000, 0x0000000083ba9530, 0x0000000083c00000| 66%| S|CS|TAMS 0x0000000083b00000, 0x0000000083b00000| Complete 
|  60|0x0000000083c00000, 0x0000000083d00000, 0x0000000083d00000|100%| S|CS|TAMS 0x0000000083c00000, 0x0000000083c00000| Complete 
|  61|0x0000000083d00000, 0x0000000083e00000, 0x0000000083e00000|100%| S|CS|TAMS 0x0000000083d00000, 0x0000000083d00000| Complete 
|  62|0x0000000083e00000, 0x0000000083f00000, 0x0000000083f00000|100%| S|CS|TAMS 0x0000000083e00000, 0x0000000083e00000| Complete 
|  63|0x0000000083f00000, 0x0000000084000000, 0x0000000084000000|100%| S|CS|TAMS 0x0000000083f00000, 0x0000000083f00000| Complete 
|  64|0x0000000084000000, 0x0000000084100000, 0x0000000084100000|100%| S|CS|TAMS 0x0000000084000000, 0x0000000084000000| Complete 
|  65|0x0000000084100000, 0x0000000084100000, 0x0000000084200000|  0%| F|  |TAMS 0x0000000084100000, 0x0000000084100000| Untracked 
|  66|0x0000000084200000, 0x0000000084200000, 0x0000000084300000|  0%| F|  |TAMS 0x0000000084200000, 0x0000000084200000| Untracked 
|  67|0x0000000084300000, 0x0000000084300000, 0x0000000084400000|  0%| F|  |TAMS 0x0000000084300000, 0x0000000084300000| Untracked 
|  68|0x0000000084400000, 0x0000000084400000, 0x0000000084500000|  0%| F|  |TAMS 0x0000000084400000, 0x0000000084400000| Untracked 
|  69|0x0000000084500000, 0x0000000084500000, 0x0000000084600000|  0%| F|  |TAMS 0x0000000084500000, 0x0000000084500000| Untracked 
|  70|0x0000000084600000, 0x0000000084600000, 0x0000000084700000|  0%| F|  |TAMS 0x0000000084600000, 0x0000000084600000| Untracked 
|  71|0x0000000084700000, 0x0000000084700000, 0x0000000084800000|  0%| F|  |TAMS 0x0000000084700000, 0x0000000084700000| Untracked 
|  72|0x0000000084800000, 0x0000000084800000, 0x0000000084900000|  0%| F|  |TAMS 0x0000000084800000, 0x0000000084800000| Untracked 
|  73|0x0000000084900000, 0x0000000084900000, 0x0000000084a00000|  0%| F|  |TAMS 0x0000000084900000, 0x0000000084900000| Untracked 
|  74|0x0000000084a00000, 0x0000000084a00000, 0x0000000084b00000|  0%| F|  |TAMS 0x0000000084a00000, 0x0000000084a00000| Untracked 
|  75|0x0000000084b00000, 0x0000000084b00000, 0x0000000084c00000|  0%| F|  |TAMS 0x0000000084b00000, 0x0000000084b00000| Untracked 
|  76|0x0000000084c00000, 0x0000000084c00000, 0x0000000084d00000|  0%| F|  |TAMS 0x0000000084c00000, 0x0000000084c00000| Untracked 
|  77|0x0000000084d00000, 0x0000000084d00000, 0x0000000084e00000|  0%| F|  |TAMS 0x0000000084d00000, 0x0000000084d00000| Untracked 
|  78|0x0000000084e00000, 0x0000000084e00000, 0x0000000084f00000|  0%| F|  |TAMS 0x0000000084e00000, 0x0000000084e00000| Untracked 
|  79|0x0000000084f00000, 0x0000000084f00000, 0x0000000085000000|  0%| F|  |TAMS 0x0000000084f00000, 0x0000000084f00000| Untracked 
|  80|0x0000000085000000, 0x0000000085000000, 0x0000000085100000|  0%| F|  |TAMS 0x0000000085000000, 0x0000000085000000| Untracked 
|  81|0x0000000085100000, 0x0000000085100000, 0x0000000085200000|  0%| F|  |TAMS 0x0000000085100000, 0x0000000085100000| Untracked 
|  82|0x0000000085200000, 0x0000000085200000, 0x0000000085300000|  0%| F|  |TAMS 0x0000000085200000, 0x0000000085200000| Untracked 
|  83|0x0000000085300000, 0x0000000085300000, 0x0000000085400000|  0%| F|  |TAMS 0x0000000085300000, 0x0000000085300000| Untracked 
|  84|0x0000000085400000, 0x0000000085400000, 0x0000000085500000|  0%| F|  |TAMS 0x0000000085400000, 0x0000000085400000| Untracked 
|  85|0x0000000085500000, 0x0000000085500000, 0x0000000085600000|  0%| F|  |TAMS 0x0000000085500000, 0x0000000085500000| Untracked 
|  86|0x0000000085600000, 0x0000000085600000, 0x0000000085700000|  0%| F|  |TAMS 0x0000000085600000, 0x0000000085600000| Untracked 
|  87|0x0000000085700000, 0x0000000085700000, 0x0000000085800000|  0%| F|  |TAMS 0x0000000085700000, 0x0000000085700000| Untracked 
|  88|0x0000000085800000, 0x0000000085800000, 0x0000000085900000|  0%| F|  |TAMS 0x0000000085800000, 0x0000000085800000| Untracked 
|  89|0x0000000085900000, 0x0000000085900000, 0x0000000085a00000|  0%| F|  |TAMS 0x0000000085900000, 0x0000000085900000| Untracked 
|  90|0x0000000085a00000, 0x0000000085a00000, 0x0000000085b00000|  0%| F|  |TAMS 0x0000000085a00000, 0x0000000085a00000| Untracked 
|  91|0x0000000085b00000, 0x0000000085b00000, 0x0000000085c00000|  0%| F|  |TAMS 0x0000000085b00000, 0x0000000085b00000| Untracked 
|  92|0x0000000085c00000, 0x0000000085c00000, 0x0000000085d00000|  0%| F|  |TAMS 0x0000000085c00000, 0x0000000085c00000| Untracked 
|  93|0x0000000085d00000, 0x0000000085d00000, 0x0000000085e00000|  0%| F|  |TAMS 0x0000000085d00000, 0x0000000085d00000| Untracked 
|  94|0x0000000085e00000, 0x0000000085e00000, 0x0000000085f00000|  0%| F|  |TAMS 0x0000000085e00000, 0x0000000085e00000| Untracked 
|  95|0x0000000085f00000, 0x0000000085f00000, 0x0000000086000000|  0%| F|  |TAMS 0x0000000085f00000, 0x0000000085f00000| Untracked 
|  96|0x0000000086000000, 0x0000000086000000, 0x0000000086100000|  0%| F|  |TAMS 0x0000000086000000, 0x0000000086000000| Untracked 
|  97|0x0000000086100000, 0x0000000086100000, 0x0000000086200000|  0%| F|  |TAMS 0x0000000086100000, 0x0000000086100000| Untracked 
|  98|0x0000000086200000, 0x0000000086200000, 0x0000000086300000|  0%| F|  |TAMS 0x0000000086200000, 0x0000000086200000| Untracked 
|  99|0x0000000086300000, 0x0000000086300000, 0x0000000086400000|  0%| F|  |TAMS 0x0000000086300000, 0x0000000086300000| Untracked 
| 100|0x0000000086400000, 0x0000000086400000, 0x0000000086500000|  0%| F|  |TAMS 0x0000000086400000, 0x0000000086400000| Untracked 
| 101|0x0000000086500000, 0x0000000086500000, 0x0000000086600000|  0%| F|  |TAMS 0x0000000086500000, 0x0000000086500000| Untracked 
| 102|0x0000000086600000, 0x0000000086600000, 0x0000000086700000|  0%| F|  |TAMS 0x0000000086600000, 0x0000000086600000| Untracked 
| 103|0x0000000086700000, 0x0000000086700000, 0x0000000086800000|  0%| F|  |TAMS 0x0000000086700000, 0x0000000086700000| Untracked 
| 104|0x0000000086800000, 0x0000000086800000, 0x0000000086900000|  0%| F|  |TAMS 0x0000000086800000, 0x0000000086800000| Untracked 
| 105|0x0000000086900000, 0x0000000086900000, 0x0000000086a00000|  0%| F|  |TAMS 0x0000000086900000, 0x0000000086900000| Untracked 
| 106|0x0000000086a00000, 0x0000000086a00000, 0x0000000086b00000|  0%| F|  |TAMS 0x0000000086a00000, 0x0000000086a00000| Untracked 
| 107|0x0000000086b00000, 0x0000000086b00000, 0x0000000086c00000|  0%| F|  |TAMS 0x0000000086b00000, 0x0000000086b00000| Untracked 
| 108|0x0000000086c00000, 0x0000000086c00000, 0x0000000086d00000|  0%| F|  |TAMS 0x0000000086c00000, 0x0000000086c00000| Untracked 
| 109|0x0000000086d00000, 0x0000000086d00000, 0x0000000086e00000|  0%| F|  |TAMS 0x0000000086d00000, 0x0000000086d00000| Untracked 
| 110|0x0000000086e00000, 0x0000000086e00000, 0x0000000086f00000|  0%| F|  |TAMS 0x0000000086e00000, 0x0000000086e00000| Untracked 
| 111|0x0000000086f00000, 0x0000000086f00000, 0x0000000087000000|  0%| F|  |TAMS 0x0000000086f00000, 0x0000000086f00000| Untracked 
| 112|0x0000000087000000, 0x0000000087000000, 0x0000000087100000|  0%| F|  |TAMS 0x0000000087000000, 0x0000000087000000| Untracked 
| 113|0x0000000087100000, 0x0000000087100000, 0x0000000087200000|  0%| F|  |TAMS 0x0000000087100000, 0x0000000087100000| Untracked 
| 114|0x0000000087200000, 0x0000000087200000, 0x0000000087300000|  0%| F|  |TAMS 0x0000000087200000, 0x0000000087200000| Untracked 
| 115|0x0000000087300000, 0x0000000087300000, 0x0000000087400000|  0%| F|  |TAMS 0x0000000087300000, 0x0000000087300000| Untracked 
| 116|0x0000000087400000, 0x0000000087400000, 0x0000000087500000|  0%| F|  |TAMS 0x0000000087400000, 0x0000000087400000| Untracked 
| 117|0x0000000087500000, 0x0000000087500000, 0x0000000087600000|  0%| F|  |TAMS 0x0000000087500000, 0x0000000087500000| Untracked 
| 118|0x0000000087600000, 0x0000000087600000, 0x0000000087700000|  0%| F|  |TAMS 0x0000000087600000, 0x0000000087600000| Untracked 
| 119|0x0000000087700000, 0x0000000087700000, 0x0000000087800000|  0%| F|  |TAMS 0x0000000087700000, 0x0000000087700000| Untracked 
| 120|0x0000000087800000, 0x0000000087800000, 0x0000000087900000|  0%| F|  |TAMS 0x0000000087800000, 0x0000000087800000| Untracked 
| 121|0x0000000087900000, 0x0000000087900000, 0x0000000087a00000|  0%| F|  |TAMS 0x0000000087900000, 0x0000000087900000| Untracked 
| 122|0x0000000087a00000, 0x0000000087a00000, 0x0000000087b00000|  0%| F|  |TAMS 0x0000000087a00000, 0x0000000087a00000| Untracked 
| 123|0x0000000087b00000, 0x0000000087b00000, 0x0000000087c00000|  0%| F|  |TAMS 0x0000000087b00000, 0x0000000087b00000| Untracked 
| 124|0x0000000087c00000, 0x0000000087c00000, 0x0000000087d00000|  0%| F|  |TAMS 0x0000000087c00000, 0x0000000087c00000| Untracked 
| 125|0x0000000087d00000, 0x0000000087d00000, 0x0000000087e00000|  0%| F|  |TAMS 0x0000000087d00000, 0x0000000087d00000| Untracked 
| 126|0x0000000087e00000, 0x0000000087e00000, 0x0000000087f00000|  0%| F|  |TAMS 0x0000000087e00000, 0x0000000087e00000| Untracked 
| 127|0x0000000087f00000, 0x0000000087f00000, 0x0000000088000000|  0%| F|  |TAMS 0x0000000087f00000, 0x0000000087f00000| Untracked 

Card table byte_map: [0x0000014675c40000,0x0000014676040000] _byte_map_base: 0x0000014675840000

Marking Bits (Prev, Next): (CMBitMap*) 0x000001466f55da08, (CMBitMap*) 0x000001466f55da40
 Prev Bits: [0x0000014676440000, 0x0000014678440000)
 Next Bits: [0x0000014678440000, 0x000001467a440000)

Polling page: 0x0000014670da0000

Metaspace:

Usage:
  Non-class:     34.50 MB capacity,    33.99 MB ( 99%) used,   456.90 KB (  1%) free+waste,    64.38 KB ( <1%) overhead. 
      Class:      5.26 MB capacity,     4.99 MB ( 95%) used,   242.60 KB (  5%) free+waste,    29.81 KB ( <1%) overhead. 
       Both:     39.75 MB capacity,    38.98 MB ( 98%) used,   699.50 KB (  2%) free+waste,    94.19 KB ( <1%) overhead. 

Virtual space:
  Non-class space:       36.00 MB reserved,      34.63 MB ( 96%) committed 
      Class space:        1.00 GB reserved,       5.32 MB ( <1%) committed 
             Both:        1.04 GB reserved,      39.95 MB (  4%) committed 

Chunk freelists:
   Non-Class:  9.00 KB
       Class:  23.00 KB
        Both:  32.00 KB

MaxMetaspaceSize: 17179869184.00 GB
CompressedClassSpaceSize: 1.00 GB

CodeHeap 'non-profiled nmethods': size=120000Kb used=1669Kb max_used=1669Kb free=118330Kb
 bounds [0x0000014607ad0000, 0x0000014607d40000, 0x000001460f000000]
CodeHeap 'profiled nmethods': size=120000Kb used=6273Kb max_used=6273Kb free=113726Kb
 bounds [0x00000146005a0000, 0x0000014600bd0000, 0x0000014607ad0000]
CodeHeap 'non-nmethods': size=5760Kb used=2189Kb max_used=2225Kb free=3570Kb
 bounds [0x0000014600000000, 0x0000014600270000, 0x00000146005a0000]
 total_blobs=4796 nmethods=2882 adapters=656
 compilation: enabled
              stopped_count=0, restarted_count=0
 full_count=0

Compilation events (20 events):
Event: 4.461 Thread 0x000001467d8df000 3017       3       org.gradle.internal.reflect.MutableClassDetails::superType (12 bytes)
Event: 4.462 Thread 0x000001467d8df000 nmethod 3017 0x0000014600bbc210 code [0x0000014600bbc3e0, 0x0000014600bbc610]
Event: 4.465 Thread 0x000001467d8df000 3018       1       com.google.common.collect.ImmutableEntry::getValue (5 bytes)
Event: 4.465 Thread 0x000001467d8df000 nmethod 3018 0x0000014607c70510 code [0x0000014607c706c0, 0x0000014607c707d8]
Event: 4.465 Thread 0x000001467d8df000 3019       3       sun.reflect.generics.reflectiveObjects.WildcardTypeImpl::getUpperBounds (34 bytes)
Event: 4.466 Thread 0x000001467d8df000 nmethod 3019 0x0000014600bbc710 code [0x0000014600bbc900, 0x0000014600bbcfa0]
Event: 4.466 Thread 0x000001467d8df000 3020       1       sun.reflect.generics.tree.Wildcard::getUpperBounds (5 bytes)
Event: 4.466 Thread 0x000001467d8df000 nmethod 3020 0x0000014607c70890 code [0x0000014607c70a40, 0x0000014607c70b58]
Event: 4.479 Thread 0x000001467d8df000 3021       3       sun.invoke.util.BytecodeDescriptor::unparseMethod (66 bytes)
Event: 4.479 Thread 0x000001467d8df000 nmethod 3021 0x0000014600bbd090 code [0x0000014600bbd300, 0x0000014600bbdc10]
Event: 4.480 Thread 0x000001467d8df000 3022       3       java.lang.invoke.MethodHandles$Lookup::in (168 bytes)
Event: 4.482 Thread 0x000001467d8df000 nmethod 3022 0x0000014600bbdf90 code [0x0000014600bbe300, 0x0000014600bbf910]
Event: 4.483 Thread 0x000001467d8df000 3026       3       jdk.internal.org.objectweb.asm.MethodVisitor::visitVarInsn (17 bytes)
Event: 4.483 Thread 0x000001467d8df000 nmethod 3026 0x0000014600bbff90 code [0x0000014600bc0160, 0x0000014600bc03b0]
Event: 4.484 Thread 0x000001467d8df000 3028       3       java.lang.invoke.InnerClassLambdaMetafactory::getLoadOpcode (25 bytes)
Event: 4.484 Thread 0x000001467d8df000 nmethod 3028 0x0000014600bc0490 code [0x0000014600bc0660, 0x0000014600bc08e0]
Event: 4.484 Thread 0x000001467d8df000 3029       3       java.lang.invoke.InnerClassLambdaMetafactory::getParameterSize (27 bytes)
Event: 4.484 Thread 0x000001467d8df000 nmethod 3029 0x0000014600bc0a10 code [0x0000014600bc0bc0, 0x0000014600bc0df8]
Event: 4.485 Thread 0x000001467d8df000 3030       3       java.lang.invoke.MemberName::<init> (131 bytes)
Event: 4.486 Thread 0x000001467d8df000 nmethod 3030 0x0000014600bc0e90 code [0x0000014600bc1200, 0x0000014600bc2660]

GC Heap History (11 events):
Event: 0.802 GC heap before
{Heap before GC invocations=0 (full 0):
 garbage-first heap   total 131072K, used 29696K [0x0000000080000000, 0x0000000100000000)
  region size 1024K, 24 young (24576K), 0 survivors (0K)
 Metaspace       used 10766K, capacity 11012K, committed 11264K, reserved 1058816K
  class space    used 1138K, capacity 1200K, committed 1280K, reserved 1048576K
}
Event: 0.808 GC heap after
{Heap after GC invocations=1 (full 0):
 garbage-first heap   total 131072K, used 8491K [0x0000000080000000, 0x0000000100000000)
  region size 1024K, 3 young (3072K), 3 survivors (3072K)
 Metaspace       used 10766K, capacity 11012K, committed 11264K, reserved 1058816K
  class space    used 1138K, capacity 1200K, committed 1280K, reserved 1048576K
}
Event: 2.157 GC heap before
{Heap before GC invocations=1 (full 0):
 garbage-first heap   total 131072K, used 82219K [0x0000000080000000, 0x0000000100000000)
  region size 1024K, 76 young (77824K), 3 survivors (3072K)
 Metaspace       used 19851K, capacity 20350K, committed 20480K, reserved 1067008K
  class space    used 2336K, capacity 2497K, committed 2560K, reserved 1048576K
}
Event: 2.165 GC heap after
{Heap after GC invocations=2 (full 0):
 garbage-first heap   total 131072K, used 15352K [0x0000000080000000, 0x0000000100000000)
  region size 1024K, 10 young (10240K), 10 survivors (10240K)
 Metaspace       used 19851K, capacity 20350K, committed 20480K, reserved 1067008K
  class space    used 2336K, capacity 2497K, committed 2560K, reserved 1048576K
}
Event: 2.249 GC heap before
{Heap before GC invocations=2 (full 0):
 garbage-first heap   total 131072K, used 25592K [0x0000000080000000, 0x0000000100000000)
  region size 1024K, 21 young (21504K), 10 survivors (10240K)
 Metaspace       used 20803K, capacity 21220K, committed 21296K, reserved 1069056K
  class space    used 2519K, capacity 2660K, committed 2688K, reserved 1048576K
}
Event: 2.256 GC heap after
{Heap after GC invocations=3 (full 0):
 garbage-first heap   total 131072K, used 16227K [0x0000000080000000, 0x0000000100000000)
  region size 1024K, 1 young (1024K), 1 survivors (1024K)
 Metaspace       used 20803K, capacity 21220K, committed 21296K, reserved 1069056K
  class space    used 2519K, capacity 2660K, committed 2688K, reserved 1048576K
}
Event: 2.931 GC heap before
{Heap before GC invocations=4 (full 0):
 garbage-first heap   total 131072K, used 67427K [0x0000000080000000, 0x0000000100000000)
  region size 1024K, 52 young (53248K), 1 survivors (1024K)
 Metaspace       used 27354K, capacity 27965K, committed 28284K, reserved 1073152K
  class space    used 3530K, capacity 3699K, committed 3788K, reserved 1048576K
}
Event: 2.935 GC heap after
{Heap after GC invocations=5 (full 0):
 garbage-first heap   total 131072K, used 17812K [0x0000000080000000, 0x0000000100000000)
  region size 1024K, 3 young (3072K), 3 survivors (3072K)
 Metaspace       used 27354K, capacity 27965K, committed 28284K, reserved 1073152K
  class space    used 3530K, capacity 3699K, committed 3788K, reserved 1048576K
}
Event: 3.760 GC heap before
{Heap before GC invocations=5 (full 0):
 garbage-first heap   total 131072K, used 54676K [0x0000000080000000, 0x0000000100000000)
  region size 1024K, 38 young (38912K), 3 survivors (3072K)
 Metaspace       used 35216K, capacity 35915K, committed 36048K, reserved 1081344K
  class space    used 4368K, capacity 4598K, committed 4684K, reserved 1048576K
}
Event: 3.770 GC heap after
{Heap after GC invocations=6 (full 0):
 garbage-first heap   total 131072K, used 20939K [0x0000000080000000, 0x0000000100000000)
  region size 1024K, 6 young (6144K), 6 survivors (6144K)
 Metaspace       used 35216K, capacity 35915K, committed 36048K, reserved 1081344K
  class space    used 4368K, capacity 4598K, committed 4684K, reserved 1048576K
}
Event: 4.495 GC heap before
{Heap before GC invocations=7 (full 0):
 garbage-first heap   total 131072K, used 79307K [0x0000000080000000, 0x0000000100000000)
  region size 1024K, 63 young (64512K), 6 survivors (6144K)
 Metaspace       used 39914K, capacity 40708K, committed 40912K, reserved 1085440K
  class space    used 5112K, capacity 5385K, committed 5452K, reserved 1048576K
}

Deoptimization events (20 events):
Event: 4.182 Thread 0x000001467f3bc000 Uncommon trap: trap_request=0xffffff6e fr.pc=0x0000014607c2b0e4 relative=0x00000000000007a4
Event: 4.183 Thread 0x000001467f3bc000 Uncommon trap: reason=speculate_class_check action=maybe_recompile pc=0x0000014607c2b0e4 method=java.lang.reflect.Executable.declaredAnnotations()Ljava/util/Map; @ 23 c2
Event: 4.183 Thread 0x000001467f3bc000 DEOPT PACKING pc=0x0000014607c2b0e4 sp=0x0000000f92af6ed0
Event: 4.183 Thread 0x000001467f3bc000 DEOPT UNPACKING pc=0x0000014600028f2f sp=0x0000000f92af6e10 mode 2
Event: 4.290 Thread 0x000001467f3bc000 Uncommon trap: trap_request=0xffffff4d fr.pc=0x0000014607b39880 relative=0x00000000000001c0
Event: 4.290 Thread 0x000001467f3bc000 Uncommon trap: reason=unstable_if action=reinterpret pc=0x0000014607b39880 method=java.net.URI$Parser.scan(IILjava/lang/String;)I @ 26 c2
Event: 4.290 Thread 0x000001467f3bc000 DEOPT PACKING pc=0x0000014607b39880 sp=0x0000000f92afa370
Event: 4.291 Thread 0x000001467f3bc000 DEOPT UNPACKING pc=0x0000014600028f2f sp=0x0000000f92afa300 mode 2
Event: 4.291 Thread 0x000001467f3bc000 Uncommon trap: trap_request=0xffffff4d fr.pc=0x0000014607b1b8d4 relative=0x0000000000000114
Event: 4.291 Thread 0x000001467f3bc000 Uncommon trap: reason=unstable_if action=reinterpret pc=0x0000014607b1b8d4 method=java.net.URI.match(CJJ)Z @ 45 c2
Event: 4.291 Thread 0x000001467f3bc000 DEOPT PACKING pc=0x0000014607b1b8d4 sp=0x0000000f92afa0e0
Event: 4.291 Thread 0x000001467f3bc000 DEOPT UNPACKING pc=0x0000014600028f2f sp=0x0000000f92afa018 mode 2
Event: 4.291 Thread 0x000001467f3bc000 Uncommon trap: trap_request=0xffffff4d fr.pc=0x0000014607aed7e8 relative=0x0000000000000048
Event: 4.291 Thread 0x000001467f3bc000 Uncommon trap: reason=unstable_if action=reinterpret pc=0x0000014607aed7e8 method=java.net.URI.match(CJJ)Z @ 19 c2
Event: 4.291 Thread 0x000001467f3bc000 DEOPT PACKING pc=0x0000014607aed7e8 sp=0x0000000f92afa0f0
Event: 4.291 Thread 0x000001467f3bc000 DEOPT UNPACKING pc=0x0000014600028f2f sp=0x0000000f92afa0a0 mode 2
Event: 4.436 Thread 0x000001467f3bc000 Uncommon trap: trap_request=0xffffff4d fr.pc=0x0000014607b38bb0 relative=0x00000000000001f0
Event: 4.436 Thread 0x000001467f3bc000 Uncommon trap: reason=unstable_if action=reinterpret pc=0x0000014607b38bb0 method=java.net.URI$Parser.scan(IILjava/lang/String;)I @ 26 c2
Event: 4.436 Thread 0x000001467f3bc000 DEOPT PACKING pc=0x0000014607b38bb0 sp=0x0000000f92afa010
Event: 4.436 Thread 0x000001467f3bc000 DEOPT UNPACKING pc=0x0000014600028f2f sp=0x0000000f92af9fc0 mode 2

Classes redefined (0 events):
No events

Internal exceptions (20 events):
Event: 4.134 Thread 0x000001467f3bc000 Exception <a 'java/lang/ClassNotFoundException'{0x000000008633a648}: org/gradle/api/internal/artifacts/DefaultArtifactRepositoryContainerBeanInfo> (0x000000008633a648) thrown at [./src/hotspot/share/classfile/systemDictionary.cpp, line 231]
Event: 4.134 Thread 0x000001467f3bc000 Exception <a 'java/lang/ClassNotFoundException'{0x000000008635bd90}: org/gradle/api/internal/DefaultNamedDomainObjectListBeanInfo> (0x000000008635bd90) thrown at [./src/hotspot/share/classfile/systemDictionary.cpp, line 231]
Event: 4.135 Thread 0x000001467f3bc000 Exception <a 'java/lang/ClassNotFoundException'{0x000000008637e430}: org/gradle/api/internal/DefaultNamedDomainObjectCollectionBeanInfo> (0x000000008637e430) thrown at [./src/hotspot/share/classfile/systemDictionary.cpp, line 231]
Event: 4.136 Thread 0x000001467f3bc000 Exception <a 'java/lang/ClassNotFoundException'{0x00000000863a0090}: org/gradle/api/internal/DefaultDomainObjectCollectionBeanInfo> (0x00000000863a0090) thrown at [./src/hotspot/share/classfile/systemDictionary.cpp, line 231]
Event: 4.136 Thread 0x000001467f3bc000 Exception <a 'java/lang/ClassNotFoundException'{0x00000000863a5b38}: java/util/AbstractCollectionBeanInfo> (0x00000000863a5b38) thrown at [./src/hotspot/share/classfile/systemDictionary.cpp, line 231]
Event: 4.137 Thread 0x000001467f3bc000 Exception <a 'java/lang/ClassNotFoundException'{0x00000000863ab548}: java/util/AbstractCollectionCustomizer> (0x00000000863ab548) thrown at [./src/hotspot/share/classfile/systemDictionary.cpp, line 231]
Event: 4.140 Thread 0x000001467f3bc000 Exception <a 'java/lang/ClassNotFoundException'{0x00000000863d6268}: org/gradle/api/internal/DefaultDomainObjectCollectionCustomizer> (0x00000000863d6268) thrown at [./src/hotspot/share/classfile/systemDictionary.cpp, line 231]
Event: 4.142 Thread 0x000001467f3bc000 Exception <a 'java/lang/ClassNotFoundException'{0x0000000086216358}: org/gradle/api/internal/DefaultNamedDomainObjectCollectionCustomizer> (0x0000000086216358) thrown at [./src/hotspot/share/classfile/systemDictionary.cpp, line 231]
Event: 4.145 Thread 0x000001467f3bc000 Exception <a 'java/lang/ClassNotFoundException'{0x0000000086268cd0}: org/gradle/api/internal/DefaultNamedDomainObjectListCustomizer> (0x0000000086268cd0) thrown at [./src/hotspot/share/classfile/systemDictionary.cpp, line 231]
Event: 4.147 Thread 0x000001467f3bc000 Exception <a 'java/lang/ClassNotFoundException'{0x00000000862b2350}: org/gradle/api/internal/artifacts/DefaultArtifactRepositoryContainerCustomizer> (0x00000000862b2350) thrown at [./src/hotspot/share/classfile/systemDictionary.cpp, line 231]
Event: 4.148 Thread 0x000001467f3bc000 Exception <a 'java/lang/ClassNotFoundException'{0x00000000862f0730}: org/gradle/api/internal/artifacts/dsl/DefaultRepositoryHandlerCustomizer> (0x00000000862f0730) thrown at [./src/hotspot/share/classfile/systemDictionary.cpp, line 231]
Event: 4.150 Thread 0x000001467f3bc000 Exception <a 'java/lang/ClassNotFoundException'{0x0000000086139958}: org/gradle/api/internal/artifacts/dsl/DefaultRepositoryHandler_DecoratedCustomizer> (0x0000000086139958) thrown at [./src/hotspot/share/classfile/systemDictionary.cpp, line 231]
Event: 4.263 Thread 0x000001467f3bc000 Exception <a 'java/lang/ClassNotFoundException'{0x00000000852da4c0}: org/gradle/api/internal/artifacts/dsl/dependencies/DefaultDependencyHandler_DecoratedBeanInfo> (0x00000000852da4c0) thrown at [./src/hotspot/share/classfile/systemDictionary.cpp, line 231]
Event: 4.264 Thread 0x000001467f3bc000 Exception <a 'java/lang/ClassNotFoundException'{0x000000008510c088}: org/gradle/api/internal/artifacts/dsl/dependencies/DefaultDependencyHandlerBeanInfo> (0x000000008510c088) thrown at [./src/hotspot/share/classfile/systemDictionary.cpp, line 231]
Event: 4.266 Thread 0x000001467f3bc000 Exception <a 'java/lang/ClassNotFoundException'{0x000000008513cd30}: org/gradle/api/internal/artifacts/dsl/dependencies/DefaultDependencyHandlerCustomizer> (0x000000008513cd30) thrown at [./src/hotspot/share/classfile/systemDictionary.cpp, line 231]
Event: 4.269 Thread 0x000001467f3bc000 Exception <a 'java/lang/ClassNotFoundException'{0x000000008518ca30}: org/gradle/api/internal/artifacts/dsl/dependencies/DefaultDependencyHandler_DecoratedCustomizer> (0x000000008518ca30) thrown at [./src/hotspot/share/classfile/systemDictionary.cpp, line 231]
Event: 4.371 Thread 0x000001467f3bc000 Exception <a 'java/lang/NoSuchMethodError'{0x0000000084a5f3d8}: 'void java.lang.invoke.DirectMethodHandle$Holder.invokeSpecial(java.lang.Object, java.lang.Object)'> (0x0000000084a5f3d8) thrown at [./src/hotspot/share/interpreter/linkResolver.cpp, line 773]
Event: 4.481 Thread 0x000001467f3bc000 Exception <a 'java/lang/NoSuchMethodError'{0x0000000084136310}: 'int java.lang.invoke.DirectMethodHandle$Holder.invokeInterface(java.lang.Object, java.lang.Object)'> (0x0000000084136310) thrown at [./src/hotspot/share/interpreter/linkResolver.cpp, line 773]
Event: 4.482 Thread 0x000001467f3bc000 Exception <a 'java/lang/IncompatibleClassChangeError'{0x0000000084139b48}: Found class java.lang.Object, but interface was expected> (0x0000000084139b48) thrown at [./src/hotspot/share/interpreter/linkResolver.cpp, line 839]
Event: 4.485 Thread 0x000001467f3bc000 Exception <a 'java/lang/NoSuchMethodError'{0x0000000084152738}: 'int java.lang.invoke.DirectMethodHandle$Holder.invokeStatic(java.lang.Object, java.lang.Object, java.lang.Object, java.lang.Object, java.lang.Object)'> (0x0000000084152738) thrown at [./src/hotspot/share/interpreter/linkResolver.cpp, line 773]

Events (20 events):
Event: 4.486 loading class org/gradle/api/internal/artifacts/ivyservice/resolveengine/graph/builder/ComponentState done
Event: 4.487 loading class org/gradle/api/internal/artifacts/ivyservice/resolveengine/graph/DependencyGraphComponent
Event: 4.487 loading class org/gradle/api/internal/artifacts/ivyservice/resolveengine/graph/DependencyGraphComponent done
Event: 4.488 loading class org/gradle/api/internal/artifacts/ivyservice/resolveengine/graph/builder/ComponentState$ComponentSelectionState
Event: 4.488 loading class org/gradle/api/internal/artifacts/ivyservice/resolveengine/graph/builder/ComponentState$ComponentSelectionState done
Event: 4.489 loading class org/gradle/api/internal/artifacts/ivyservice/resolveengine/graph/builder/DependencyGraphBuilder$VisitState
Event: 4.489 loading class org/gradle/api/internal/artifacts/ivyservice/resolveengine/graph/builder/DependencyGraphBuilder$VisitState done
Event: 4.490 loading class org/gradle/api/internal/artifacts/ResolvedConfigurationIdentifier
Event: 4.490 loading class org/gradle/api/internal/artifacts/ResolvedConfigurationIdentifier done
Event: 4.491 loading class org/gradle/internal/component/model/SelectedByVariantMatchingConfigurationMetadata
Event: 4.491 loading class org/gradle/internal/component/model/SelectedByVariantMatchingConfigurationMetadata done
Event: 4.492 loading class org/gradle/api/internal/artifacts/ivyservice/resolveengine/graph/builder/ReplaceSelectionWithConflictResultAction
Event: 4.492 loading class org/gradle/api/internal/artifacts/ivyservice/resolveengine/graph/builder/ReplaceSelectionWithConflictResultAction done
Event: 4.492 loading class org/gradle/api/internal/artifacts/ivyservice/resolveengine/graph/selectors/SelectorStateResolver
Event: 4.492 loading class org/gradle/api/internal/artifacts/ivyservice/resolveengine/graph/selectors/SelectorStateResolver done
Event: 4.493 loading class org/gradle/api/internal/artifacts/ivyservice/resolveengine/graph/builder/DependencyGraphBuilder$1
Event: 4.493 loading class org/gradle/api/internal/artifacts/ivyservice/resolveengine/graph/builder/DependencyGraphBuilder$1 done
Event: 4.494 loading class org/gradle/api/internal/artifacts/dependencies/DefaultImmutableVersionConstraint
Event: 4.494 loading class org/gradle/api/internal/artifacts/dependencies/DefaultImmutableVersionConstraint done
Event: 4.495 Executing VM operation: G1CollectForAllocation


Dynamic libraries:
0x00007ff6b2690000 - 0x00007ff6b269a000 	C:\Program Files\JetBrains\IntelliJ IDEA Community Edition 2019.2\jbr\bin\java.exe
0x00007ffc57320000 - 0x00007ffc57510000 	C:\Windows\SYSTEM32\ntdll.dll
0x00007ffc55d70000 - 0x00007ffc55e22000 	C:\Windows\System32\KERNEL32.DLL
0x00007ffc54500000 - 0x00007ffc547a4000 	C:\Windows\System32\KERNELBASE.dll
0x00007ffc550a0000 - 0x00007ffc5519a000 	C:\Windows\System32\ucrtbase.dll
0x00007ffc4fad0000 - 0x00007ffc4fae7000 	C:\Program Files\JetBrains\IntelliJ IDEA Community Edition 2019.2\jbr\bin\VCRUNTIME140.dll
0x00007ffc4b7a0000 - 0x00007ffc4b7b9000 	C:\Program Files\JetBrains\IntelliJ IDEA Community Edition 2019.2\jbr\bin\jli.dll
0x00007ffc561b0000 - 0x00007ffc56344000 	C:\Windows\System32\USER32.dll
0x00007ffc553a0000 - 0x00007ffc553c1000 	C:\Windows\System32\win32u.dll
0x00007ffc4c820000 - 0x00007ffc4caa4000 	C:\Windows\WinSxS\amd64_microsoft.windows.common-controls_6595b64144ccf1df_6.0.18362.959_none_e6c7bbbf130c62bb\COMCTL32.dll
0x00007ffc56e10000 - 0x00007ffc56e36000 	C:\Windows\System32\GDI32.dll
0x00007ffc555e0000 - 0x00007ffc5567e000 	C:\Windows\System32\msvcrt.dll
0x00007ffc551a0000 - 0x00007ffc55336000 	C:\Windows\System32\gdi32full.dll
0x00007ffc56350000 - 0x00007ffc56685000 	C:\Windows\System32\combase.dll
0x00007ffc542c0000 - 0x00007ffc5435e000 	C:\Windows\System32\msvcp_win.dll
0x00007ffc57080000 - 0x00007ffc571a0000 	C:\Windows\System32\RPCRT4.dll
0x00007ffc55020000 - 0x00007ffc550a0000 	C:\Windows\System32\bcryptPrimitives.dll
0x00007ffc56180000 - 0x00007ffc561ae000 	C:\Windows\System32\IMM32.DLL
0x00007ffc38d40000 - 0x00007ffc38ddd000 	C:\Program Files\JetBrains\IntelliJ IDEA Community Edition 2019.2\jbr\bin\msvcp140.dll
0x00007ffc25040000 - 0x00007ffc25afb000 	C:\Program Files\JetBrains\IntelliJ IDEA Community Edition 2019.2\jbr\bin\server\jvm.dll
0x00007ffc55680000 - 0x00007ffc55723000 	C:\Windows\System32\ADVAPI32.dll
0x00007ffc56fe0000 - 0x00007ffc57077000 	C:\Windows\System32\sechost.dll
0x00007ffc55e40000 - 0x00007ffc55e48000 	C:\Windows\System32\PSAPI.DLL
0x00007ffc4e6b0000 - 0x00007ffc4e6d4000 	C:\Windows\SYSTEM32\WINMM.dll
0x00007ffc50990000 - 0x00007ffc50999000 	C:\Windows\SYSTEM32\WSOCK32.dll
0x00007ffc571a0000 - 0x00007ffc5720f000 	C:\Windows\System32\WS2_32.dll
0x00007ffc4d220000 - 0x00007ffc4d22a000 	C:\Windows\SYSTEM32\VERSION.dll
0x00007ffc4e680000 - 0x00007ffc4e6ad000 	C:\Windows\SYSTEM32\winmmbase.dll
0x00007ffc54360000 - 0x00007ffc543aa000 	C:\Windows\System32\cfgmgr32.dll
0x00007ffc54230000 - 0x00007ffc54241000 	C:\Windows\System32\kernel.appcore.dll
0x00007ffc47200000 - 0x00007ffc47211000 	C:\Program Files\JetBrains\IntelliJ IDEA Community Edition 2019.2\jbr\bin\verify.dll
0x00007ffc4d7a0000 - 0x00007ffc4d994000 	C:\Windows\SYSTEM32\DBGHELP.DLL
0x00007ffc4d590000 - 0x00007ffc4d5ba000 	C:\Windows\SYSTEM32\dbgcore.DLL
0x00007ffc3ff70000 - 0x00007ffc3ff99000 	C:\Program Files\JetBrains\IntelliJ IDEA Community Edition 2019.2\jbr\bin\java.dll
0x00007ffc46eb0000 - 0x00007ffc46ec8000 	C:\Program Files\JetBrains\IntelliJ IDEA Community Edition 2019.2\jbr\bin\zip.dll
0x00007ffc4f850000 - 0x00007ffc4f85b000 	C:\Program Files\JetBrains\IntelliJ IDEA Community Edition 2019.2\jbr\bin\jimage.dll
0x00007ffc56690000 - 0x00007ffc56d76000 	C:\Windows\System32\SHELL32.dll
0x00007ffc55e50000 - 0x00007ffc55ef9000 	C:\Windows\System32\shcore.dll
0x00007ffc547b0000 - 0x00007ffc54f32000 	C:\Windows\System32\windows.storage.dll
0x00007ffc54270000 - 0x00007ffc54293000 	C:\Windows\System32\profapi.dll
0x00007ffc541e0000 - 0x00007ffc5422a000 	C:\Windows\System32\powrprof.dll
0x00007ffc541d0000 - 0x00007ffc541e0000 	C:\Windows\System32\UMPDC.dll
0x00007ffc55500000 - 0x00007ffc55552000 	C:\Windows\System32\shlwapi.dll
0x00007ffc542a0000 - 0x00007ffc542b7000 	C:\Windows\System32\cryptsp.dll
0x00007ffc467d0000 - 0x00007ffc467ea000 	C:\Program Files\JetBrains\IntelliJ IDEA Community Edition 2019.2\jbr\bin\net.dll
0x00007ffc4d300000 - 0x00007ffc4d3f0000 	C:\Windows\SYSTEM32\WINHTTP.dll
0x00007ffc539e0000 - 0x00007ffc53a47000 	C:\Windows\system32\mswsock.dll
0x00007ffc464e0000 - 0x00007ffc464f4000 	C:\Program Files\JetBrains\IntelliJ IDEA Community Edition 2019.2\jbr\bin\nio.dll
0x00007ffc43510000 - 0x00007ffc43536000 	C:\Users\Ahmedine\.gradle\native\31\windows-amd64\native-platform.dll
0x00007ffc4cd00000 - 0x00007ffc4cd0a000 	C:\Program Files\JetBrains\IntelliJ IDEA Community Edition 2019.2\jbr\bin\management.dll
0x00007ffc48930000 - 0x00007ffc4893c000 	C:\Program Files\JetBrains\IntelliJ IDEA Community Edition 2019.2\jbr\bin\management_ext.dll
0x00007ffc53550000 - 0x00007ffc53583000 	C:\Windows\system32\rsaenh.dll
0x00007ffc54f40000 - 0x00007ffc54f66000 	C:\Windows\System32\bcrypt.dll
0x00007ffc540f0000 - 0x00007ffc54115000 	C:\Windows\SYSTEM32\USERENV.dll
0x00007ffc53bb0000 - 0x00007ffc53bbc000 	C:\Windows\SYSTEM32\CRYPTBASE.dll
0x00007ffc536f0000 - 0x00007ffc5372a000 	C:\Windows\SYSTEM32\IPHLPAPI.DLL
0x00007ffc56d80000 - 0x00007ffc56d88000 	C:\Windows\System32\NSI.dll
0x00007ffc4f2c0000 - 0x00007ffc4f2d6000 	C:\Windows\SYSTEM32\dhcpcsvc6.DLL
0x00007ffc50210000 - 0x00007ffc5022c000 	C:\Windows\SYSTEM32\dhcpcsvc.DLL
0x00007ffc53780000 - 0x00007ffc5384b000 	C:\Windows\SYSTEM32\DNSAPI.dll

dbghelp: loaded successfully - version: 4.0.5 - missing functions: none
symbol engine: initialized successfully - sym options: 0x614 - pdb path: .;C:\Program Files\JetBrains\IntelliJ IDEA Community Edition 2019.2\jbr\bin;C:\Windows\SYSTEM32;C:\Windows\WinSxS\amd64_microsoft.windows.common-controls_6595b64144ccf1df_6.0.18362.959_none_e6c7bbbf130c62bb;C:\Program Files\JetBrains\IntelliJ IDEA Community Edition 2019.2\jbr\bin\server;C:\Users\Ahmedine\.gradle\native\31\windows-amd64

VM Arguments:
jvm_args: --add-opens=java.base/java.util=ALL-UNNAMED --add-opens=java.base/java.lang=ALL-UNNAMED --add-opens=java.base/java.lang.invoke=ALL-UNNAMED --add-opens=java.prefs/java.util.prefs=ALL-UNNAMED -Xmx2048m -Dfile.encoding=windows-1252 -Duser.country=FR -Duser.language=fr -Duser.variant 
java_command: org.gradle.launcher.daemon.bootstrap.GradleDaemon 6.1.1
java_class_path (initial): C:\Users\Ahmedine\.gradle\wrapper\dists\gradle-6.1.1-all\cfmwm155h49vnt3hynmlrsdst\gradle-6.1.1\lib\gradle-launcher-6.1.1.jar
Launcher Type: SUN_STANDARD

[Global flags]
     intx CICompilerCount                          = 4                                         {product} {ergonomic}
     uint ConcGCThreads                            = 2                                         {product} {ergonomic}
     uint G1ConcRefinementThreads                  = 8                                         {product} {ergonomic}
   size_t G1HeapRegionSize                         = 1048576                                   {product} {ergonomic}
    uintx GCDrainStackTargetSize                   = 64                                        {product} {ergonomic}
   size_t InitialHeapSize                          = 134217728                                 {product} {ergonomic}
   size_t MarkStackSize                            = 4194304                                   {product} {ergonomic}
   size_t MaxHeapSize                              = 2147483648                                {product} {command line}
   size_t MaxNewSize                               = 1287651328                                {product} {ergonomic}
   size_t MinHeapDeltaBytes                        = 1048576                                   {product} {ergonomic}
    uintx NonNMethodCodeHeapSize                   = 5836300                                {pd product} {ergonomic}
    uintx NonProfiledCodeHeapSize                  = 122910970                              {pd product} {ergonomic}
    uintx ProfiledCodeHeapSize                     = 122910970                              {pd product} {ergonomic}
    uintx ReservedCodeCacheSize                    = 251658240                              {pd product} {ergonomic}
     bool SegmentedCodeCache                       = true                                      {product} {ergonomic}
     bool UseCompressedClassPointers               = true                                 {lp64_product} {ergonomic}
     bool UseCompressedOops                        = true                                 {lp64_product} {ergonomic}
     bool UseG1GC                                  = true                                      {product} {ergonomic}
     bool UseLargePagesIndividualAllocation        = false                                  {pd product} {ergonomic}

Logging:
Log output configuration:
 #0: stdout all=warning uptime,level,tags
 #1: stderr all=off uptime,level,tags

Environment Variables:
JAVA_HOME=C:\Program Files\Java\jdk1.8.0_221
PATH=C:\Program Files (x86)\Common Files\Intel\Shared Libraries\redist\intel64\compiler;C:\Program Files (x86)\Common Files\Oracle\Java\javapath;C:\Windows\system32;C:\Windows;C:\Windows\System32\Wbem;C:\Windows\System32\WindowsPowerShell\v1.0\;C:\Windows\System32\OpenSSH\;C:\Program Files\Java\jdk1.8.0_221\bin;C:\Program Files\Git\cmd;C:\Program Files\Symfony;C:\xampp\php;C:\ProgramData\ComposerSetup\bin;C:\Users\Ahmedine\apache-maven-3.6.3\bin;C:\MinGW\bin;C:\Users\Ahmedine\AppData\Local\Microsoft\WindowsApps;C:\Users\Ahmedine\AppData\Roaming\Composer\vendor\bin;C:\Program Files\heroku\bin
USERNAME=Ahmedine
OS=Windows_NT
PROCESSOR_IDENTIFIER=Intel64 Family 6 Model 60 Stepping 3, GenuineIntel



---------------  S Y S T E M  ---------------

OS: Windows 10 , 64 bit Build 18362 (10.0.18362.959)
OS uptime: 10 days 21:30 hours

CPU:total 8 (initial active 8) (4 cores per cpu, 2 threads per core) family 6 model 60 stepping 3, cmov, cx8, fxsr, mmx, sse, sse2, sse3, ssse3, sse4.1, sse4.2, popcnt, avx, avx2, aes, clmul, erms, lzcnt, ht, tsc, tscinvbit, bmi1, bmi2, fma

Memory: 4k page, system-wide physical 8100M (1431M free)
TotalPageFile size 32676M (AvailPageFile size 10M)
current process WorkingSet (physical memory assigned to process): 275M, peak: 278M
current process commit charge ("private bytes"): 340M, peak: 366M

vm_info: OpenJDK 64-Bit Server VM (11.0.7+10-b765.65) for windows-amd64 JRE (11.0.7+10-b765.65), built on Jul 13 2020 15:36:30 by "" with MS VC++ 14.0 (VS2015)

END.
